<?xml version="1.0" encoding="UTF-8"?>
<testng-results ignored="0" total="2" passed="2" failed="0" skipped="0">
  <reporter-output>
  </reporter-output>
  <suite started-at="2023-12-08T13:03:57 IST" name="Default suite" finished-at="2023-12-08T13:04:19 IST" duration-ms="21821">
    <groups>
    </groups>
    <test started-at="2023-12-08T13:03:57 IST" name="Default test" finished-at="2023-12-08T13:04:19 IST" duration-ms="21821">
      <class name="com.HMS.TestCases.TC_AddAppointment">
        <test-method is-config="true" signature="setUp()[pri:0, instance:com.HMS.TestCases.TC_AddAppointment@4b013c76]" started-at="2023-12-08T13:03:57 IST" name="setUp" finished-at="2023-12-08T13:04:02 IST" duration-ms="4713" status="PASS">
          <reporter-output>
          </reporter-output>
        </test-method> <!-- setUp -->
        <test-method is-config="true" signature="addAppointment()[pri:0, instance:com.HMS.TestCases.TC_AddAppointment@4b013c76]" started-at="2023-12-08T13:04:02 IST" name="addAppointment" finished-at="2023-12-08T13:04:07 IST" duration-ms="4385" status="PASS">
          <reporter-output>
          </reporter-output>
        </test-method> <!-- addAppointment -->
        <test-method signature="currentDateAppointment()[pri:1, instance:com.HMS.TestCases.TC_AddAppointment@4b013c76]" started-at="2023-12-08T13:04:07 IST" name="currentDateAppointment" finished-at="2023-12-08T13:04:12 IST" duration-ms="5142" status="PASS">
          <reporter-output>
          </reporter-output>
        </test-method> <!-- currentDateAppointment -->
        <test-method is-config="true" signature="addAppointment()[pri:0, instance:com.HMS.TestCases.TC_AddAppointment@4b013c76]" started-at="2023-12-08T13:04:12 IST" name="addAppointment" finished-at="2023-12-08T13:04:14 IST" duration-ms="2489" status="PASS">
          <reporter-output>
          </reporter-output>
        </test-method> <!-- addAppointment -->
        <test-method signature="bookUpcominAppointment()[pri:2, instance:com.HMS.TestCases.TC_AddAppointment@4b013c76]" started-at="2023-12-08T13:04:14 IST" name="bookUpcominAppointment" finished-at="2023-12-08T13:04:19 IST" duration-ms="5035" status="PASS">
          <reporter-output>
          </reporter-output>
        </test-method> <!-- bookUpcominAppointment -->
      </class> <!-- com.HMS.TestCases.TC_AddAppointment -->
    </test> <!-- Default test -->
  </suite> <!-- Default suite -->
</testng-results>
