<?xml version="1.0" encoding="UTF-8"?>
<testng-results ignored="0" total="1" passed="1" failed="0" skipped="0">
  <reporter-output>
  </reporter-output>
  <suite started-at="2023-12-11T10:23:40 IST" name="Default suite" finished-at="2023-12-11T10:24:04 IST" duration-ms="23732">
    <groups>
    </groups>
    <test started-at="2023-12-11T10:23:40 IST" name="Default test" finished-at="2023-12-11T10:24:04 IST" duration-ms="23732">
      <class name="com.HMS.TestCases.TC_VerifyUpdatedAppointment">
        <test-method is-config="true" signature="setUp()[pri:0, instance:com.HMS.TestCases.TC_VerifyUpdatedAppointment@53fb3dab]" started-at="2023-12-11T10:23:40 IST" name="setUp" finished-at="2023-12-11T10:23:46 IST" duration-ms="5052" status="PASS">
          <reporter-output>
          </reporter-output>
        </test-method> <!-- setUp -->
        <test-method signature="verifyUpdatedAppointment()[pri:0, instance:com.HMS.TestCases.TC_VerifyUpdatedAppointment@53fb3dab]" started-at="2023-12-11T10:23:46 IST" name="verifyUpdatedAppointment" finished-at="2023-12-11T10:24:04 IST" duration-ms="18642" status="PASS">
          <reporter-output>
          </reporter-output>
        </test-method> <!-- verifyUpdatedAppointment -->
      </class> <!-- com.HMS.TestCases.TC_VerifyUpdatedAppointment -->
    </test> <!-- Default test -->
  </suite> <!-- Default suite -->
</testng-results>
